<?xml version="1.0" encoding="UTF-8"?>
<!-- Generated by org.testng.reporters.JUnitReportReporter -->
<testsuite skipped="0" hostname="LAPTOP-2EQAN3L4" name="com.crm.qa.testcases.FlightsPageTest" tests="2" failures="0" timestamp="2021-05-22T00:37:57 IST" time="22.202" errors="0">
  <testcase name="verifyFlightsPageLabel" time="9.616" classname="com.crm.qa.testcases.FlightsPageTest"/>
  <system-out/>
  <testcase name="verifyFlightDetails" time="12.586" classname="com.crm.qa.testcases.FlightsPageTest"/>
  <system-out/>
</testsuite> <!-- com.crm.qa.testcases.FlightsPageTest -->
