<?xml version="1.0" encoding="UTF-8"?>
<!-- Generated by org.testng.reporters.JUnitReportReporter -->
<testsuite skipped="0" hostname="LAPTOP-2EQAN3L4" name="com.crm.qa.testcases.RegisterPageTest" tests="4" failures="0" timestamp="2021-05-22T00:37:57 IST" time="35.522" errors="0">
  <testcase name="verifyRegisterPageTitleTest" time="8.591" classname="com.crm.qa.testcases.RegisterPageTest"/>
  <system-out/>
  <testcase name="verifyCorrectPageNameTest" time="8.031" classname="com.crm.qa.testcases.RegisterPageTest"/>
  <system-out/>
  <testcase name="verifyFlightsLinkTest" time="9.315" classname="com.crm.qa.testcases.RegisterPageTest"/>
  <system-out/>
  <testcase name="verifyHotelLinkTest" time="9.585" classname="com.crm.qa.testcases.RegisterPageTest"/>
  <system-out/>
</testsuite> <!-- com.crm.qa.testcases.RegisterPageTest -->
