<?xml version="1.0" encoding="UTF-8"?>
<!-- Generated by org.testng.reporters.JUnitReportReporter -->
<testsuite skipped="0" hostname="LAPTOP-2EQAN3L4" name="com.crm.qa.testcases.HotelPageTest" tests="2" failures="0" timestamp="2021-05-21T23:35:13 IST" time="19.896" errors="0">
  <testcase name="verifyHotelPageLabel" time="10.735" classname="com.crm.qa.testcases.HotelPageTest"/>
  <system-out/>
  <testcase name="verifyHotelDetails" time="9.161" classname="com.crm.qa.testcases.HotelPageTest"/>
  <system-out/>
</testsuite> <!-- com.crm.qa.testcases.HotelPageTest -->
