<?xml version="1.0" encoding="UTF-8"?>
<!-- Generated by org.testng.reporters.JUnitReportReporter -->
<testsuite skipped="0" hostname="LAPTOP-2EQAN3L4" name="com.crm.qa.testcases.FlightsPageTest" tests="2" failures="0" timestamp="2021-05-21T23:35:13 IST" time="23.043" errors="0">
  <testcase name="verifyFlightsPageLabel" time="10.193" classname="com.crm.qa.testcases.FlightsPageTest"/>
  <system-out/>
  <testcase name="verifyFlightDetails" time="12.850" classname="com.crm.qa.testcases.FlightsPageTest"/>
  <system-out/>
</testsuite> <!-- com.crm.qa.testcases.FlightsPageTest -->
